<?xml version="1.0" encoding="UTF-8"?>
<coverage generated="1789939664984" clover="3.2.0">
  <project timestamp="1789939664984" name="All files">
    <metrics statements="138" coveredstatements="138" conditionals="54" coveredconditionals="49" methods="30" coveredmethods="30" elements="222" coveredelements="217" complexity="0" loc="138" ncloc="138" packages="1" files="1" classes="1"/>
    <file name="game.js" path="E:\CODE FOLDER\UNIVERSITY\AI\LAB 1 - v2\VS Code\game.js">
      <metrics statements="138" coveredstatements="138" conditionals="54" coveredconditionals="49" methods="30" coveredmethods="30"/>
      <line num="1" count="20" type="stmt"/>
      <line num="2" count="20" type="stmt"/>
      <line num="4" count="20" type="stmt"/>
      <line num="5" count="20" type="stmt"/>
      <line num="7" count="20" type="stmt"/>
      <line num="8" count="35" type="stmt"/>
      <line num="10" count="167" type="stmt"/>
      <line num="11" count="152" type="stmt"/>
      <line num="12" count="80" type="stmt"/>
      <line num="13" count="35" type="stmt"/>
      <line num="14" count="14" type="stmt"/>
      <line num="18" count="35" type="stmt"/>
      <line num="22" count="20" type="stmt"/>
      <line num="23" count="20" type="stmt"/>
      <line num="24" count="2" type="stmt"/>
      <line num="25" count="2" type="stmt"/>
      <line num="26" count="2" type="stmt"/>
      <line num="27" count="2" type="cond" truecount="2" falsecount="0"/>
      <line num="28" count="1" type="stmt"/>
      <line num="29" count="1" type="stmt"/>
      <line num="30" count="1" type="stmt"/>
      <line num="31" count="1" type="stmt"/>
      <line num="32" count="1" type="stmt"/>
      <line num="38" count="18" type="stmt"/>
      <line num="39" count="18" type="stmt"/>
      <line num="41" count="18" type="stmt"/>
      <line num="42" count="81" type="stmt"/>
      <line num="45" count="18" type="stmt"/>
      <line num="46" count="1" type="stmt"/>
      <line num="49" count="18" type="stmt"/>
      <line num="50" count="81" type="stmt"/>
      <line num="56" count="81" type="stmt"/>
      <line num="64" count="81" type="stmt"/>
      <line num="65" count="582" type="stmt"/>
      <line num="66" count="582" type="stmt"/>
      <line num="67" count="582" type="cond" truecount="5" falsecount="0"/>
      <line num="70" count="14" type="stmt"/>
      <line num="71" count="14" type="stmt"/>
      <line num="72" count="14" type="stmt"/>
      <line num="73" count="14" type="stmt"/>
      <line num="78" count="67" type="cond" truecount="2" falsecount="0"/>
      <line num="79" count="1" type="stmt"/>
      <line num="80" count="1" type="stmt"/>
      <line num="83" count="66" type="stmt"/>
      <line num="86" count="18" type="stmt"/>
      <line num="91" count="18" type="stmt"/>
      <line num="92" count="18" type="stmt"/>
      <line num="93" count="18" type="stmt"/>
      <line num="94" count="18" type="stmt"/>
      <line num="95" count="18" type="stmt"/>
      <line num="96" count="18" type="stmt"/>
      <line num="97" count="18" type="stmt"/>
      <line num="100" count="18" type="stmt"/>
      <line num="101" count="1" type="cond" truecount="1" falsecount="1"/>
      <line num="102" count="1" type="stmt"/>
      <line num="106" count="18" type="stmt"/>
      <line num="107" count="81" type="stmt"/>
      <line num="110" count="18" type="stmt"/>
      <line num="111" count="99" type="stmt"/>
      <line num="114" count="18" type="stmt"/>
      <line num="115" count="14" type="stmt"/>
      <line num="116" count="14" type="stmt"/>
      <line num="119" count="18" type="stmt"/>
      <line num="120" count="31" type="cond" truecount="4" falsecount="0"/>
      <line num="121" count="1" type="stmt"/>
      <line num="122" count="1" type="stmt"/>
      <line num="125" count="30" type="stmt"/>
      <line num="126" count="30" type="stmt"/>
      <line num="129" count="18" type="stmt"/>
      <line num="130" count="13" type="cond" truecount="3" falsecount="0"/>
      <line num="132" count="39" type="cond" truecount="3" falsecount="0"/>
      <line num="134" count="13" type="cond" truecount="4" falsecount="0"/>
      <line num="135" count="1" type="cond" truecount="1" falsecount="1"/>
      <line num="136" count="1" type="stmt"/>
      <line num="139" count="36" type="stmt"/>
      <line num="140" count="12" type="cond" truecount="2" falsecount="0"/>
      <line num="141" count="1" type="stmt"/>
      <line num="142" count="1" type="stmt"/>
      <line num="145" count="11" type="stmt"/>
      <line num="156" count="11" type="cond" truecount="1" falsecount="1"/>
      <line num="159" count="18" type="stmt"/>
      <line num="160" count="9" type="stmt"/>
      <line num="161" count="1" type="cond" truecount="1" falsecount="1"/>
      <line num="162" count="1" type="stmt"/>
      <line num="166" count="18" type="stmt"/>
      <line num="170" count="18" type="stmt"/>
      <line num="171" count="18" type="stmt"/>
      <line num="172" count="18" type="stmt"/>
      <line num="175" count="18" type="stmt"/>
      <line num="176" count="18" type="stmt"/>
      <line num="179" count="18" type="stmt"/>
      <line num="180" count="82" type="cond" truecount="2" falsecount="0"/>
      <line num="182" count="81" type="stmt"/>
      <line num="183" count="81" type="stmt"/>
      <line num="184" count="81" type="stmt"/>
      <line num="187" count="18" type="stmt"/>
      <line num="188" count="14" type="cond" truecount="3" falsecount="0"/>
      <line num="190" count="12" type="stmt"/>
      <line num="193" count="1" type="stmt"/>
      <line num="196" count="1" type="stmt"/>
      <line num="200" count="18" type="stmt"/>
      <line num="201" count="81" type="stmt"/>
      <line num="203" count="81" type="stmt"/>
      <line num="204" count="81" type="cond" truecount="2" falsecount="0"/>
      <line num="205" count="14" type="stmt"/>
      <line num="206" count="13" type="stmt"/>
      <line num="207" count="13" type="stmt"/>
      <line num="208" count="13" type="stmt"/>
      <line num="209" count="13" type="stmt"/>
      <line num="210" count="13" type="stmt"/>
      <line num="211" count="13" type="stmt"/>
      <line num="213" count="67" type="cond" truecount="2" falsecount="0"/>
      <line num="214" count="1" type="stmt"/>
      <line num="215" count="1" type="stmt"/>
      <line num="216" count="1" type="stmt"/>
      <line num="219" count="80" type="stmt"/>
      <line num="222" count="18" type="stmt"/>
      <line num="223" count="80" type="cond" truecount="2" falsecount="0"/>
      <line num="224" count="80" type="cond" truecount="2" falsecount="0"/>
      <line num="225" count="80" type="stmt"/>
      <line num="228" count="18" type="stmt"/>
      <line num="229" count="90" type="cond" truecount="2" falsecount="0"/>
      <line num="231" count="82" type="stmt"/>
      <line num="232" count="82" type="cond" truecount="2" falsecount="0"/>
      <line num="234" count="81" type="stmt"/>
      <line num="235" count="80" type="stmt"/>
      <line num="236" count="80" type="stmt"/>
      <line num="239" count="18" type="stmt"/>
      <line num="240" count="1" type="stmt"/>
      <line num="241" count="1" type="stmt"/>
      <line num="242" count="1" type="stmt"/>
      <line num="243" count="1" type="stmt"/>
      <line num="246" count="18" type="stmt"/>
      <line num="250" count="18" type="stmt"/>
      <line num="252" count="18" type="stmt"/>
      <line num="253" count="162" type="stmt"/>
      <line num="257" count="20" type="cond" truecount="3" falsecount="1"/>
      <line num="258" count="20" type="stmt"/>
    </file>
  </project>
</coverage>
