{"E:\\CODE FOLDER\\UNIVERSITY\\AI\\LAB 1 - v2\\VS Code\\game.js": {"path":"E:\\CODE FOLDER\\UNIVERSITY\\AI\\LAB 1 - v2\\VS Code\\game.js","statementMap":{"0":{"start":{"line":1,"column":18},"end":{"line":1,"column":56}},"1":{"start":{"line":2,"column":20},"end":{"line":2,"column":57}},"2":{"start":{"line":4,"column":20},"end":{"line":4,"column":59}},"3":{"start":{"line":5,"column":26},"end":{"line":5,"column":61}},"4":{"start":{"line":7,"column":15},"end":{"line":19,"column":1}},"5":{"start":{"line":8,"column":16},"end":{"line":8,"column":17}},"6":{"start":{"line":10,"column":22},"end":{"line":10,"column":34}},"7":{"start":{"line":10,"column":28},"end":{"line":10,"column":34}},"8":{"start":{"line":11,"column":20},"end":{"line":11,"column":30}},"9":{"start":{"line":11,"column":26},"end":{"line":11,"column":30}},"10":{"start":{"line":12,"column":21},"end":{"line":12,"column":32}},"11":{"start":{"line":12,"column":27},"end":{"line":12,"column":32}},"12":{"start":{"line":13,"column":26},"end":{"line":15,"column":5}},"13":{"start":{"line":14,"column":8},"end":{"line":14,"column":19}},"14":{"start":{"line":18,"column":4},"end":{"line":18,"column":72}},"15":{"start":{"line":22,"column":0},"end":{"line":22,"column":24}},"16":{"start":{"line":23,"column":0},"end":{"line":34,"column":3}},"17":{"start":{"line":24,"column":17},"end":{"line":24,"column":50}},"18":{"start":{"line":25,"column":24},"end":{"line":25,"column":52}},"19":{"start":{"line":26,"column":24},"end":{"line":26,"column":52}},"20":{"start":{"line":27,"column":4},"end":{"line":33,"column":5}},"21":{"start":{"line":28,"column":8},"end":{"line":28,"column":31}},"22":{"start":{"line":29,"column":24},"end":{"line":29,"column":54}},"23":{"start":{"line":30,"column":24},"end":{"line":30,"column":54}},"24":{"start":{"line":31,"column":8},"end":{"line":31,"column":28}},"25":{"start":{"line":32,"column":8},"end":{"line":32,"column":45}},"26":{"start":{"line":38,"column":22},"end":{"line":88,"column":8}},"27":{"start":{"line":39,"column":29},"end":{"line":39,"column":83}},"28":{"start":{"line":41,"column":27},"end":{"line":43,"column":9}},"29":{"start":{"line":42,"column":12},"end":{"line":42,"column":46}},"30":{"start":{"line":45,"column":27},"end":{"line":47,"column":9}},"31":{"start":{"line":46,"column":12},"end":{"line":46,"column":84}},"32":{"start":{"line":49,"column":28},"end":{"line":84,"column":9}},"33":{"start":{"line":50,"column":40},"end":{"line":54,"column":13}},"34":{"start":{"line":56,"column":27},"end":{"line":61,"column":13}},"35":{"start":{"line":64,"column":12},"end":{"line":75,"column":13}},"36":{"start":{"line":65,"column":62},"end":{"line":65,"column":73}},"37":{"start":{"line":66,"column":36},"end":{"line":66,"column":62}},"38":{"start":{"line":67,"column":16},"end":{"line":74,"column":17}},"39":{"start":{"line":70,"column":20},"end":{"line":70,"column":48}},"40":{"start":{"line":71,"column":20},"end":{"line":71,"column":54}},"41":{"start":{"line":72,"column":20},"end":{"line":72,"column":56}},"42":{"start":{"line":73,"column":20},"end":{"line":73,"column":34}},"43":{"start":{"line":78,"column":12},"end":{"line":81,"column":13}},"44":{"start":{"line":79,"column":16},"end":{"line":79,"column":34}},"45":{"start":{"line":80,"column":16},"end":{"line":80,"column":30}},"46":{"start":{"line":83,"column":12},"end":{"line":83,"column":26}},"47":{"start":{"line":86,"column":8},"end":{"line":86,"column":53}},"48":{"start":{"line":91,"column":30},"end":{"line":168,"column":8}},"49":{"start":{"line":92,"column":32},"end":{"line":92,"column":64}},"50":{"start":{"line":93,"column":29},"end":{"line":93,"column":69}},"51":{"start":{"line":94,"column":36},"end":{"line":94,"column":68}},"52":{"start":{"line":95,"column":33},"end":{"line":95,"column":69}},"53":{"start":{"line":96,"column":29},"end":{"line":96,"column":77}},"54":{"start":{"line":97,"column":29},"end":{"line":97,"column":77}},"55":{"start":{"line":100,"column":8},"end":{"line":104,"column":11}},"56":{"start":{"line":101,"column":12},"end":{"line":103,"column":13}},"57":{"start":{"line":102,"column":16},"end":{"line":102,"column":37}},"58":{"start":{"line":106,"column":32},"end":{"line":108,"column":9}},"59":{"start":{"line":107,"column":12},"end":{"line":107,"column":40}},"60":{"start":{"line":110,"column":38},"end":{"line":112,"column":9}},"61":{"start":{"line":111,"column":12},"end":{"line":111,"column":50}},"62":{"start":{"line":114,"column":33},"end":{"line":117,"column":9}},"63":{"start":{"line":115,"column":12},"end":{"line":115,"column":54}},"64":{"start":{"line":116,"column":12},"end":{"line":116,"column":37}},"65":{"start":{"line":119,"column":28},"end":{"line":127,"column":9}},"66":{"start":{"line":120,"column":12},"end":{"line":123,"column":13}},"67":{"start":{"line":121,"column":16},"end":{"line":121,"column":76}},"68":{"start":{"line":122,"column":16},"end":{"line":122,"column":23}},"69":{"start":{"line":125,"column":12},"end":{"line":125,"column":93}},"70":{"start":{"line":126,"column":12},"end":{"line":126,"column":95}},"71":{"start":{"line":129,"column":32},"end":{"line":157,"column":9}},"72":{"start":{"line":130,"column":33},"end":{"line":132,"column":101}},"73":{"start":{"line":132,"column":49},"end":{"line":132,"column":100}},"74":{"start":{"line":134,"column":12},"end":{"line":137,"column":13}},"75":{"start":{"line":135,"column":16},"end":{"line":135,"column":99}},"76":{"start":{"line":135,"column":39},"end":{"line":135,"column":99}},"77":{"start":{"line":136,"column":16},"end":{"line":136,"column":23}},"78":{"start":{"line":139,"column":32},"end":{"line":139,"column":79}},"79":{"start":{"line":139,"column":61},"end":{"line":139,"column":78}},"80":{"start":{"line":140,"column":12},"end":{"line":143,"column":13}},"81":{"start":{"line":141,"column":16},"end":{"line":141,"column":86}},"82":{"start":{"line":142,"column":16},"end":{"line":142,"column":23}},"83":{"start":{"line":145,"column":37},"end":{"line":154,"column":39}},"84":{"start":{"line":156,"column":12},"end":{"line":156,"column":83}},"85":{"start":{"line":156,"column":34},"end":{"line":156,"column":83}},"86":{"start":{"line":159,"column":31},"end":{"line":164,"column":9}},"87":{"start":{"line":160,"column":12},"end":{"line":160,"column":62}},"88":{"start":{"line":160,"column":39},"end":{"line":160,"column":60}},"89":{"start":{"line":161,"column":12},"end":{"line":163,"column":13}},"90":{"start":{"line":162,"column":16},"end":{"line":162,"column":57}},"91":{"start":{"line":166,"column":8},"end":{"line":166,"column":120}},"92":{"start":{"line":170,"column":17},"end":{"line":248,"column":24}},"93":{"start":{"line":171,"column":28},"end":{"line":171,"column":39}},"94":{"start":{"line":172,"column":24},"end":{"line":172,"column":29}},"95":{"start":{"line":175,"column":8},"end":{"line":175,"column":85}},"96":{"start":{"line":176,"column":8},"end":{"line":176,"column":65}},"97":{"start":{"line":179,"column":31},"end":{"line":185,"column":9}},"98":{"start":{"line":180,"column":12},"end":{"line":180,"column":52}},"99":{"start":{"line":180,"column":40},"end":{"line":180,"column":52}},"100":{"start":{"line":182,"column":12},"end":{"line":182,"column":73}},"101":{"start":{"line":183,"column":12},"end":{"line":183,"column":76}},"102":{"start":{"line":184,"column":12},"end":{"line":184,"column":25}},"103":{"start":{"line":187,"column":36},"end":{"line":198,"column":9}},"104":{"start":{"line":188,"column":12},"end":{"line":197,"column":13}},"105":{"start":{"line":190,"column":20},"end":{"line":190,"column":35}},"106":{"start":{"line":193,"column":20},"end":{"line":193,"column":35}},"107":{"start":{"line":196,"column":20},"end":{"line":196,"column":63}},"108":{"start":{"line":200,"column":34},"end":{"line":220,"column":9}},"109":{"start":{"line":201,"column":24},"end":{"line":201,"column":42}},"110":{"start":{"line":203,"column":30},"end":{"line":203,"column":53}},"111":{"start":{"line":204,"column":12},"end":{"line":217,"column":13}},"112":{"start":{"line":205,"column":37},"end":{"line":205,"column":98}},"113":{"start":{"line":206,"column":16},"end":{"line":206,"column":45}},"114":{"start":{"line":207,"column":16},"end":{"line":207,"column":64}},"115":{"start":{"line":208,"column":16},"end":{"line":208,"column":76}},"116":{"start":{"line":209,"column":32},"end":{"line":209,"column":65}},"117":{"start":{"line":210,"column":16},"end":{"line":210,"column":60}},"118":{"start":{"line":211,"column":16},"end":{"line":211,"column":37}},"119":{"start":{"line":213,"column":17},"end":{"line":217,"column":13}},"120":{"start":{"line":214,"column":32},"end":{"line":214,"column":44}},"121":{"start":{"line":215,"column":16},"end":{"line":215,"column":60}},"122":{"start":{"line":216,"column":16},"end":{"line":216,"column":37}},"123":{"start":{"line":219,"column":12},"end":{"line":219,"column":23}},"124":{"start":{"line":222,"column":33},"end":{"line":226,"column":9}},"125":{"start":{"line":223,"column":12},"end":{"line":223,"column":87}},"126":{"start":{"line":224,"column":28},"end":{"line":224,"column":88}},"127":{"start":{"line":225,"column":12},"end":{"line":225,"column":61}},"128":{"start":{"line":228,"column":29},"end":{"line":237,"column":9}},"129":{"start":{"line":229,"column":12},"end":{"line":229,"column":33}},"130":{"start":{"line":229,"column":26},"end":{"line":229,"column":33}},"131":{"start":{"line":231,"column":32},"end":{"line":231,"column":71}},"132":{"start":{"line":232,"column":12},"end":{"line":232,"column":35}},"133":{"start":{"line":232,"column":28},"end":{"line":232,"column":35}},"134":{"start":{"line":234,"column":27},"end":{"line":234,"column":71}},"135":{"start":{"line":235,"column":12},"end":{"line":235,"column":41}},"136":{"start":{"line":236,"column":12},"end":{"line":236,"column":31}},"137":{"start":{"line":239,"column":26},"end":{"line":244,"column":9}},"138":{"start":{"line":240,"column":12},"end":{"line":240,"column":47}},"139":{"start":{"line":241,"column":12},"end":{"line":241,"column":35}},"140":{"start":{"line":242,"column":12},"end":{"line":242,"column":89}},"141":{"start":{"line":243,"column":12},"end":{"line":243,"column":30}},"142":{"start":{"line":246,"column":8},"end":{"line":246,"column":41}},"143":{"start":{"line":250,"column":4},"end":{"line":250,"column":58}},"144":{"start":{"line":252,"column":4},"end":{"line":254,"column":7}},"145":{"start":{"line":253,"column":8},"end":{"line":253,"column":58}},"146":{"start":{"line":257,"column":0},"end":{"line":259,"column":1}},"147":{"start":{"line":258,"column":4},"end":{"line":258,"column":50}}},"fnMap":{"0":{"name":"(anonymous_0)","decl":{"start":{"line":7,"column":15},"end":{"line":7,"column":16}},"loc":{"start":{"line":7,"column":33},"end":{"line":19,"column":1}},"line":7},"1":{"name":"(anonymous_1)","decl":{"start":{"line":10,"column":22},"end":{"line":10,"column":23}},"loc":{"start":{"line":10,"column":28},"end":{"line":10,"column":34}},"line":10},"2":{"name":"(anonymous_2)","decl":{"start":{"line":11,"column":20},"end":{"line":11,"column":21}},"loc":{"start":{"line":11,"column":26},"end":{"line":11,"column":30}},"line":11},"3":{"name":"(anonymous_3)","decl":{"start":{"line":12,"column":21},"end":{"line":12,"column":22}},"loc":{"start":{"line":12,"column":27},"end":{"line":12,"column":32}},"line":12},"4":{"name":"(anonymous_4)","decl":{"start":{"line":13,"column":26},"end":{"line":13,"column":27}},"loc":{"start":{"line":13,"column":32},"end":{"line":15,"column":5}},"line":13},"5":{"name":"(anonymous_5)","decl":{"start":{"line":23,"column":44},"end":{"line":23,"column":45}},"loc":{"start":{"line":23,"column":55},"end":{"line":34,"column":1}},"line":23},"6":{"name":"gameInitialization","decl":{"start":{"line":37,"column":9},"end":{"line":37,"column":27}},"loc":{"start":{"line":37,"column":46},"end":{"line":255,"column":1}},"line":37},"7":{"name":"(anonymous_7)","decl":{"start":{"line":38,"column":23},"end":{"line":38,"column":24}},"loc":{"start":{"line":38,"column":29},"end":{"line":88,"column":5}},"line":38},"8":{"name":"(anonymous_8)","decl":{"start":{"line":41,"column":27},"end":{"line":41,"column":28}},"loc":{"start":{"line":41,"column":49},"end":{"line":43,"column":9}},"line":41},"9":{"name":"(anonymous_9)","decl":{"start":{"line":45,"column":27},"end":{"line":45,"column":28}},"loc":{"start":{"line":45,"column":33},"end":{"line":47,"column":9}},"line":45},"10":{"name":"(anonymous_10)","decl":{"start":{"line":49,"column":28},"end":{"line":49,"column":29}},"loc":{"start":{"line":49,"column":34},"end":{"line":84,"column":9}},"line":49},"11":{"name":"(anonymous_11)","decl":{"start":{"line":91,"column":31},"end":{"line":91,"column":32}},"loc":{"start":{"line":91,"column":37},"end":{"line":168,"column":5}},"line":91},"12":{"name":"(anonymous_12)","decl":{"start":{"line":100,"column":47},"end":{"line":100,"column":48}},"loc":{"start":{"line":100,"column":58},"end":{"line":104,"column":9}},"line":100},"13":{"name":"(anonymous_13)","decl":{"start":{"line":106,"column":32},"end":{"line":106,"column":33}},"loc":{"start":{"line":106,"column":52},"end":{"line":108,"column":9}},"line":106},"14":{"name":"(anonymous_14)","decl":{"start":{"line":110,"column":38},"end":{"line":110,"column":39}},"loc":{"start":{"line":110,"column":51},"end":{"line":112,"column":9}},"line":110},"15":{"name":"(anonymous_15)","decl":{"start":{"line":114,"column":33},"end":{"line":114,"column":34}},"loc":{"start":{"line":114,"column":46},"end":{"line":117,"column":9}},"line":114},"16":{"name":"(anonymous_16)","decl":{"start":{"line":119,"column":28},"end":{"line":119,"column":29}},"loc":{"start":{"line":119,"column":59},"end":{"line":127,"column":9}},"line":119},"17":{"name":"(anonymous_17)","decl":{"start":{"line":129,"column":32},"end":{"line":129,"column":33}},"loc":{"start":{"line":129,"column":52},"end":{"line":157,"column":9}},"line":129},"18":{"name":"(anonymous_18)","decl":{"start":{"line":132,"column":40},"end":{"line":132,"column":41}},"loc":{"start":{"line":132,"column":49},"end":{"line":132,"column":100}},"line":132},"19":{"name":"(anonymous_19)","decl":{"start":{"line":139,"column":52},"end":{"line":139,"column":53}},"loc":{"start":{"line":139,"column":61},"end":{"line":139,"column":78}},"line":139},"20":{"name":"(anonymous_20)","decl":{"start":{"line":159,"column":31},"end":{"line":159,"column":32}},"loc":{"start":{"line":159,"column":37},"end":{"line":164,"column":9}},"line":159},"21":{"name":"(anonymous_21)","decl":{"start":{"line":160,"column":30},"end":{"line":160,"column":31}},"loc":{"start":{"line":160,"column":38},"end":{"line":160,"column":61}},"line":160},"22":{"name":"(anonymous_22)","decl":{"start":{"line":170,"column":18},"end":{"line":170,"column":19}},"loc":{"start":{"line":170,"column":49},"end":{"line":248,"column":5}},"line":170},"23":{"name":"(anonymous_23)","decl":{"start":{"line":179,"column":31},"end":{"line":179,"column":32}},"loc":{"start":{"line":179,"column":49},"end":{"line":185,"column":9}},"line":179},"24":{"name":"(anonymous_24)","decl":{"start":{"line":187,"column":36},"end":{"line":187,"column":37}},"loc":{"start":{"line":187,"column":66},"end":{"line":198,"column":9}},"line":187},"25":{"name":"(anonymous_25)","decl":{"start":{"line":200,"column":34},"end":{"line":200,"column":35}},"loc":{"start":{"line":200,"column":56},"end":{"line":220,"column":9}},"line":200},"26":{"name":"(anonymous_26)","decl":{"start":{"line":222,"column":33},"end":{"line":222,"column":34}},"loc":{"start":{"line":222,"column":39},"end":{"line":226,"column":9}},"line":222},"27":{"name":"(anonymous_27)","decl":{"start":{"line":228,"column":29},"end":{"line":228,"column":30}},"loc":{"start":{"line":228,"column":41},"end":{"line":237,"column":9}},"line":228},"28":{"name":"(anonymous_28)","decl":{"start":{"line":239,"column":26},"end":{"line":239,"column":27}},"loc":{"start":{"line":239,"column":37},"end":{"line":244,"column":9}},"line":239},"29":{"name":"(anonymous_29)","decl":{"start":{"line":252,"column":22},"end":{"line":252,"column":23}},"loc":{"start":{"line":252,"column":30},"end":{"line":254,"column":5}},"line":252}},"branchMap":{"0":{"loc":{"start":{"line":27,"column":4},"end":{"line":33,"column":5}},"type":"if","locations":[{"start":{"line":27,"column":4},"end":{"line":33,"column":5}},{"start":{},"end":{}}],"line":27},"1":{"loc":{"start":{"line":67,"column":16},"end":{"line":74,"column":17}},"type":"if","locations":[{"start":{"line":67,"column":16},"end":{"line":74,"column":17}},{"start":{},"end":{}}],"line":67},"2":{"loc":{"start":{"line":67,"column":20},"end":{"line":69,"column":65}},"type":"binary-expr","locations":[{"start":{"line":67,"column":20},"end":{"line":67,"column":40}},{"start":{"line":68,"column":23},"end":{"line":68,"column":66}},{"start":{"line":69,"column":23},"end":{"line":69,"column":65}}],"line":67},"3":{"loc":{"start":{"line":78,"column":12},"end":{"line":81,"column":13}},"type":"if","locations":[{"start":{"line":78,"column":12},"end":{"line":81,"column":13}},{"start":{},"end":{}}],"line":78},"4":{"loc":{"start":{"line":101,"column":12},"end":{"line":103,"column":13}},"type":"if","locations":[{"start":{"line":101,"column":12},"end":{"line":103,"column":13}},{"start":{},"end":{}}],"line":101},"5":{"loc":{"start":{"line":120,"column":12},"end":{"line":123,"column":13}},"type":"if","locations":[{"start":{"line":120,"column":12},"end":{"line":123,"column":13}},{"start":{},"end":{}}],"line":120},"6":{"loc":{"start":{"line":120,"column":16},"end":{"line":120,"column":46}},"type":"binary-expr","locations":[{"start":{"line":120,"column":16},"end":{"line":120,"column":29}},{"start":{"line":120,"column":33},"end":{"line":120,"column":46}}],"line":120},"7":{"loc":{"start":{"line":130,"column":33},"end":{"line":132,"column":101}},"type":"binary-expr","locations":[{"start":{"line":130,"column":33},"end":{"line":130,"column":62}},{"start":{"line":131,"column":19},"end":{"line":131,"column":44}},{"start":{"line":132,"column":19},"end":{"line":132,"column":101}}],"line":130},"8":{"loc":{"start":{"line":132,"column":49},"end":{"line":132,"column":100}},"type":"binary-expr","locations":[{"start":{"line":132,"column":49},"end":{"line":132,"column":72}},{"start":{"line":132,"column":76},"end":{"line":132,"column":86}},{"start":{"line":132,"column":90},"end":{"line":132,"column":100}}],"line":132},"9":{"loc":{"start":{"line":134,"column":12},"end":{"line":137,"column":13}},"type":"if","locations":[{"start":{"line":134,"column":12},"end":{"line":137,"column":13}},{"start":{},"end":{}}],"line":134},"10":{"loc":{"start":{"line":134,"column":16},"end":{"line":134,"column":50}},"type":"binary-expr","locations":[{"start":{"line":134,"column":16},"end":{"line":134,"column":29}},{"start":{"line":134,"column":33},"end":{"line":134,"column":50}}],"line":134},"11":{"loc":{"start":{"line":135,"column":16},"end":{"line":135,"column":99}},"type":"if","locations":[{"start":{"line":135,"column":16},"end":{"line":135,"column":99}},{"start":{},"end":{}}],"line":135},"12":{"loc":{"start":{"line":140,"column":12},"end":{"line":143,"column":13}},"type":"if","locations":[{"start":{"line":140,"column":12},"end":{"line":143,"column":13}},{"start":{},"end":{}}],"line":140},"13":{"loc":{"start":{"line":156,"column":12},"end":{"line":156,"column":83}},"type":"if","locations":[{"start":{"line":156,"column":12},"end":{"line":156,"column":83}},{"start":{},"end":{}}],"line":156},"14":{"loc":{"start":{"line":161,"column":12},"end":{"line":163,"column":13}},"type":"if","locations":[{"start":{"line":161,"column":12},"end":{"line":163,"column":13}},{"start":{},"end":{}}],"line":161},"15":{"loc":{"start":{"line":180,"column":12},"end":{"line":180,"column":52}},"type":"if","locations":[{"start":{"line":180,"column":12},"end":{"line":180,"column":52}},{"start":{},"end":{}}],"line":180},"16":{"loc":{"start":{"line":188,"column":12},"end":{"line":197,"column":13}},"type":"switch","locations":[{"start":{"line":189,"column":16},"end":{"line":190,"column":35}},{"start":{"line":192,"column":16},"end":{"line":193,"column":35}},{"start":{"line":195,"column":16},"end":{"line":196,"column":63}}],"line":188},"17":{"loc":{"start":{"line":204,"column":12},"end":{"line":217,"column":13}},"type":"if","locations":[{"start":{"line":204,"column":12},"end":{"line":217,"column":13}},{"start":{"line":213,"column":17},"end":{"line":217,"column":13}}],"line":204},"18":{"loc":{"start":{"line":213,"column":17},"end":{"line":217,"column":13}},"type":"if","locations":[{"start":{"line":213,"column":17},"end":{"line":217,"column":13}},{"start":{},"end":{}}],"line":213},"19":{"loc":{"start":{"line":223,"column":28},"end":{"line":223,"column":86}},"type":"cond-expr","locations":[{"start":{"line":223,"column":60},"end":{"line":223,"column":72}},{"start":{"line":223,"column":75},"end":{"line":223,"column":86}}],"line":223},"20":{"loc":{"start":{"line":224,"column":28},"end":{"line":224,"column":88}},"type":"cond-expr","locations":[{"start":{"line":224,"column":40},"end":{"line":224,"column":50}},{"start":{"line":224,"column":53},"end":{"line":224,"column":88}}],"line":224},"21":{"loc":{"start":{"line":229,"column":12},"end":{"line":229,"column":33}},"type":"if","locations":[{"start":{"line":229,"column":12},"end":{"line":229,"column":33}},{"start":{},"end":{}}],"line":229},"22":{"loc":{"start":{"line":232,"column":12},"end":{"line":232,"column":35}},"type":"if","locations":[{"start":{"line":232,"column":12},"end":{"line":232,"column":35}},{"start":{},"end":{}}],"line":232},"23":{"loc":{"start":{"line":257,"column":0},"end":{"line":259,"column":1}},"type":"if","locations":[{"start":{"line":257,"column":0},"end":{"line":259,"column":1}},{"start":{},"end":{}}],"line":257},"24":{"loc":{"start":{"line":257,"column":4},"end":{"line":257,"column":51}},"type":"binary-expr","locations":[{"start":{"line":257,"column":4},"end":{"line":257,"column":33}},{"start":{"line":257,"column":37},"end":{"line":257,"column":51}}],"line":257}},"s":{"0":20,"1":20,"2":20,"3":20,"4":20,"5":35,"6":35,"7":167,"8":35,"9":152,"10":35,"11":80,"12":35,"13":14,"14":35,"15":20,"16":20,"17":2,"18":2,"19":2,"20":2,"21":1,"22":1,"23":1,"24":1,"25":1,"26":18,"27":18,"28":18,"29":81,"30":18,"31":1,"32":18,"33":81,"34":81,"35":81,"36":582,"37":582,"38":582,"39":14,"40":14,"41":14,"42":14,"43":67,"44":1,"45":1,"46":66,"47":18,"48":18,"49":18,"50":18,"51":18,"52":18,"53":18,"54":18,"55":18,"56":1,"57":1,"58":18,"59":81,"60":18,"61":99,"62":18,"63":14,"64":14,"65":18,"66":31,"67":1,"68":1,"69":30,"70":30,"71":18,"72":13,"73":39,"74":13,"75":1,"76":1,"77":1,"78":12,"79":36,"80":12,"81":1,"82":1,"83":11,"84":11,"85":11,"86":18,"87":1,"88":9,"89":1,"90":1,"91":18,"92":18,"93":18,"94":18,"95":18,"96":18,"97":18,"98":82,"99":1,"100":81,"101":81,"102":81,"103":18,"104":14,"105":12,"106":1,"107":1,"108":18,"109":81,"110":81,"111":81,"112":14,"113":13,"114":13,"115":13,"116":13,"117":13,"118":13,"119":67,"120":1,"121":1,"122":1,"123":80,"124":18,"125":80,"126":80,"127":80,"128":18,"129":90,"130":8,"131":82,"132":82,"133":1,"134":81,"135":80,"136":80,"137":18,"138":1,"139":1,"140":1,"141":1,"142":18,"143":18,"144":18,"145":162,"146":20,"147":20},"f":{"0":35,"1":167,"2":152,"3":80,"4":14,"5":2,"6":18,"7":18,"8":81,"9":1,"10":81,"11":18,"12":1,"13":81,"14":99,"15":14,"16":31,"17":13,"18":39,"19":36,"20":1,"21":9,"22":18,"23":82,"24":14,"25":81,"26":80,"27":90,"28":1,"29":162},"b":{"0":[1,1],"1":[14,568],"2":[582,335,71],"3":[1,66],"4":[1,0],"5":[1,30],"6":[31,30],"7":[13,13,13],"8":[39,39,39],"9":[1,12],"10":[13,13],"11":[1,0],"12":[1,11],"13":[11,0],"14":[1,0],"15":[1,81],"16":[12,1,1],"17":[14,67],"18":[1,66],"19":[47,33],"20":[14,66],"21":[8,82],"22":[1,81],"23":[20,0],"24":[20,20]},"_coverageSchema":"1a1c01bbd47fc00a2c39e90264f33305004495a9","hash":"d5b92446753276f499df6706aa5624b9c2cb7818"}
}
