TN:
SF:game.js
FN:7,(anonymous_0)
FN:10,(anonymous_1)
FN:11,(anonymous_2)
FN:12,(anonymous_3)
FN:13,(anonymous_4)
FN:23,(anonymous_5)
FN:37,gameInitialization
FN:38,(anonymous_7)
FN:41,(anonymous_8)
FN:45,(anonymous_9)
FN:49,(anonymous_10)
FN:91,(anonymous_11)
FN:100,(anonymous_12)
FN:106,(anonymous_13)
FN:110,(anonymous_14)
FN:114,(anonymous_15)
FN:119,(anonymous_16)
FN:129,(anonymous_17)
FN:132,(anonymous_18)
FN:139,(anonymous_19)
FN:159,(anonymous_20)
FN:160,(anonymous_21)
FN:170,(anonymous_22)
FN:179,(anonymous_23)
FN:187,(anonymous_24)
FN:200,(anonymous_25)
FN:222,(anonymous_26)
FN:228,(anonymous_27)
FN:239,(anonymous_28)
FN:252,(anonymous_29)
FNF:30
FNH:30
FNDA:35,(anonymous_0)
FNDA:167,(anonymous_1)
FNDA:152,(anonymous_2)
FNDA:80,(anonymous_3)
FNDA:14,(anonymous_4)
FNDA:2,(anonymous_5)
FNDA:18,gameInitialization
FNDA:18,(anonymous_7)
FNDA:81,(anonymous_8)
FNDA:1,(anonymous_9)
FNDA:81,(anonymous_10)
FNDA:18,(anonymous_11)
FNDA:1,(anonymous_12)
FNDA:81,(anonymous_13)
FNDA:99,(anonymous_14)
FNDA:14,(anonymous_15)
FNDA:31,(anonymous_16)
FNDA:13,(anonymous_17)
FNDA:39,(anonymous_18)
FNDA:36,(anonymous_19)
FNDA:1,(anonymous_20)
FNDA:9,(anonymous_21)
FNDA:18,(anonymous_22)
FNDA:82,(anonymous_23)
FNDA:14,(anonymous_24)
FNDA:81,(anonymous_25)
FNDA:80,(anonymous_26)
FNDA:90,(anonymous_27)
FNDA:1,(anonymous_28)
FNDA:162,(anonymous_29)
DA:1,20
DA:2,20
DA:4,20
DA:5,20
DA:7,20
DA:8,35
DA:10,167
DA:11,152
DA:12,80
DA:13,35
DA:14,14
DA:18,35
DA:22,20
DA:23,20
DA:24,2
DA:25,2
DA:26,2
DA:27,2
DA:28,1
DA:29,1
DA:30,1
DA:31,1
DA:32,1
DA:38,18
DA:39,18
DA:41,18
DA:42,81
DA:45,18
DA:46,1
DA:49,18
DA:50,81
DA:56,81
DA:64,81
DA:65,582
DA:66,582
DA:67,582
DA:70,14
DA:71,14
DA:72,14
DA:73,14
DA:78,67
DA:79,1
DA:80,1
DA:83,66
DA:86,18
DA:91,18
DA:92,18
DA:93,18
DA:94,18
DA:95,18
DA:96,18
DA:97,18
DA:100,18
DA:101,1
DA:102,1
DA:106,18
DA:107,81
DA:110,18
DA:111,99
DA:114,18
DA:115,14
DA:116,14
DA:119,18
DA:120,31
DA:121,1
DA:122,1
DA:125,30
DA:126,30
DA:129,18
DA:130,13
DA:132,39
DA:134,13
DA:135,1
DA:136,1
DA:139,36
DA:140,12
DA:141,1
DA:142,1
DA:145,11
DA:156,11
DA:159,18
DA:160,9
DA:161,1
DA:162,1
DA:166,18
DA:170,18
DA:171,18
DA:172,18
DA:175,18
DA:176,18
DA:179,18
DA:180,82
DA:182,81
DA:183,81
DA:184,81
DA:187,18
DA:188,14
DA:190,12
DA:193,1
DA:196,1
DA:200,18
DA:201,81
DA:203,81
DA:204,81
DA:205,14
DA:206,13
DA:207,13
DA:208,13
DA:209,13
DA:210,13
DA:211,13
DA:213,67
DA:214,1
DA:215,1
DA:216,1
DA:219,80
DA:222,18
DA:223,80
DA:224,80
DA:225,80
DA:228,18
DA:229,90
DA:231,82
DA:232,82
DA:234,81
DA:235,80
DA:236,80
DA:239,18
DA:240,1
DA:241,1
DA:242,1
DA:243,1
DA:246,18
DA:250,18
DA:252,18
DA:253,162
DA:257,20
DA:258,20
LF:138
LH:138
BRDA:27,0,0,1
BRDA:27,0,1,1
BRDA:67,1,0,14
BRDA:67,1,1,568
BRDA:67,2,0,582
BRDA:67,2,1,335
BRDA:67,2,2,71
BRDA:78,3,0,1
BRDA:78,3,1,66
BRDA:101,4,0,1
BRDA:101,4,1,0
BRDA:120,5,0,1
BRDA:120,5,1,30
BRDA:120,6,0,31
BRDA:120,6,1,30
BRDA:130,7,0,13
BRDA:130,7,1,13
BRDA:130,7,2,13
BRDA:132,8,0,39
BRDA:132,8,1,39
BRDA:132,8,2,39
BRDA:134,9,0,1
BRDA:134,9,1,12
BRDA:134,10,0,13
BRDA:134,10,1,13
BRDA:135,11,0,1
BRDA:135,11,1,0
BRDA:140,12,0,1
BRDA:140,12,1,11
BRDA:156,13,0,11
BRDA:156,13,1,0
BRDA:161,14,0,1
BRDA:161,14,1,0
BRDA:180,15,0,1
BRDA:180,15,1,81
BRDA:188,16,0,12
BRDA:188,16,1,1
BRDA:188,16,2,1
BRDA:204,17,0,14
BRDA:204,17,1,67
BRDA:213,18,0,1
BRDA:213,18,1,66
BRDA:223,19,0,47
BRDA:223,19,1,33
BRDA:224,20,0,14
BRDA:224,20,1,66
BRDA:229,21,0,8
BRDA:229,21,1,82
BRDA:232,22,0,1
BRDA:232,22,1,81
BRDA:257,23,0,20
BRDA:257,23,1,0
BRDA:257,24,0,20
BRDA:257,24,1,20
BRF:54
BRH:49
end_of_record
