TN:
SF:game.js
FN:7,(anonymous_0)
FN:8,(anonymous_1)
FN:9,(anonymous_2)
FN:14,(anonymous_3)
FN:15,(anonymous_4)
FN:22,(anonymous_5)
FN:36,gameInitialization
FN:40,(anonymous_7)
FN:43,(anonymous_8)
FN:47,(anonymous_9)
FN:51,(anonymous_10)
FN:60,(anonymous_11)
FN:75,(anonymous_12)
FN:82,(anonymous_13)
FN:98,(anonymous_14)
FN:125,(anonymous_15)
FN:150,(anonymous_16)
FN:156,(anonymous_17)
FN:162,(anonymous_18)
FN:166,(anonymous_19)
FN:170,(anonymous_20)
FN:175,(anonymous_21)
FN:176,(anonymous_22)
FN:192,(anonymous_23)
FN:198,(anonymous_24)
FN:215,(anonymous_25)
FN:241,(anonymous_26)
FN:247,(anonymous_27)
FN:255,(anonymous_28)
FN:288,(anonymous_29)
FN:296,(anonymous_30)
FN:304,(anonymous_31)
FN:317,(anonymous_32)
FN:347,(anonymous_33)
FN:353,(anonymous_34)
FN:364,(anonymous_35)
FN:377,(anonymous_36)
FNF:37
FNH:34
FNDA:94,(anonymous_0)
FNDA:359,(anonymous_1)
FNDA:298,(anonymous_2)
FNDA:25,(anonymous_3)
FNDA:26,(anonymous_4)
FNDA:2,(anonymous_5)
FNDA:44,gameInitialization
FNDA:44,(anonymous_7)
FNDA:165,(anonymous_8)
FNDA:7,(anonymous_9)
FNDA:0,(anonymous_10)
FNDA:0,(anonymous_11)
FNDA:0,(anonymous_12)
FNDA:1180,(anonymous_13)
FNDA:165,(anonymous_14)
FNDA:3540,(anonymous_15)
FNDA:44,(anonymous_16)
FNDA:2,(anonymous_17)
FNDA:165,(anonymous_18)
FNDA:216,(anonymous_19)
FNDA:27,(anonymous_20)
FNDA:7,(anonymous_21)
FNDA:63,(anonymous_22)
FNDA:44,(anonymous_23)
FNDA:88,(anonymous_24)
FNDA:24,(anonymous_25)
FNDA:24,(anonymous_26)
FNDA:72,(anonymous_27)
FNDA:70,(anonymous_28)
FNDA:44,(anonymous_29)
FNDA:166,(anonymous_30)
FNDA:24,(anonymous_31)
FNDA:165,(anonymous_32)
FNDA:165,(anonymous_33)
FNDA:167,(anonymous_34)
FNDA:7,(anonymous_35)
FNDA:396,(anonymous_36)
DA:1,47
DA:2,47
DA:4,47
DA:5,47
DA:7,47
DA:8,359
DA:9,298
DA:13,94
DA:14,94
DA:15,94
DA:17,94
DA:21,47
DA:22,47
DA:23,2
DA:24,2
DA:25,2
DA:26,2
DA:27,1
DA:28,1
DA:29,1
DA:30,1
DA:31,1
DA:40,44
DA:41,44
DA:43,44
DA:44,165
DA:47,44
DA:48,7
DA:51,44
DA:52,0
DA:53,0
DA:54,0
DA:55,0
DA:57,0
DA:60,44
DA:61,0
DA:62,0
DA:63,0
DA:64,0
DA:65,0
DA:66,0
DA:67,0
DA:69,0
DA:72,0
DA:75,44
DA:76,0
DA:77,0
DA:78,0
DA:79,0
DA:82,44
DA:83,1180
DA:87,1180
DA:88,1326
DA:89,1156
DA:90,1156
DA:93,24
DA:94,24
DA:95,24
DA:98,44
DA:101,165
DA:115,165
DA:124,165
DA:125,3540
DA:126,1180
DA:127,1180
DA:128,24
DA:129,24
DA:130,24
DA:131,24
DA:132,24
DA:137,141
DA:138,3
DA:139,3
DA:142,138
DA:145,44
DA:150,44
DA:151,44
DA:152,44
DA:153,44
DA:156,44
DA:157,2
DA:158,1
DA:162,44
DA:163,165
DA:166,44
DA:167,216
DA:170,44
DA:171,27
DA:172,27
DA:175,44
DA:176,7
DA:177,63
DA:179,63
DA:182,7
DA:183,7
DA:192,44
DA:193,44
DA:198,44
DA:199,88
DA:200,88
DA:201,2
DA:202,2
DA:205,86
DA:206,86
DA:215,44
DA:216,24
DA:217,24
DA:218,1
DA:219,1
DA:221,23
DA:222,23
DA:223,1
DA:224,1
DA:226,22
DA:241,44
DA:243,24
DA:244,0
DA:245,0
DA:247,72
DA:248,24
DA:249,0
DA:250,0
DA:254,24
DA:255,24
DA:257,70
DA:258,69
DA:259,2
DA:260,2
DA:262,67
DA:265,1
DA:269,24
DA:270,24
DA:271,24
DA:272,1
DA:273,1
DA:275,23
DA:277,1
DA:281,44
DA:286,44
DA:288,44
DA:289,44
DA:290,44
DA:293,44
DA:296,44
DA:297,166
DA:299,165
DA:300,165
DA:301,165
DA:304,44
DA:305,24
DA:307,21
DA:310,3
DA:313,0
DA:317,44
DA:318,165
DA:320,165
DA:321,165
DA:322,24
DA:323,24
DA:326,24
DA:327,24
DA:331,24
DA:332,24
DA:333,24
DA:335,24
DA:337,141
DA:338,3
DA:339,3
DA:341,3
DA:344,165
DA:347,44
DA:348,165
DA:349,165
DA:350,165
DA:353,44
DA:354,167
DA:356,166
DA:357,166
DA:359,165
DA:360,165
DA:361,165
DA:364,44
DA:365,7
DA:366,7
DA:367,7
DA:368,7
DA:371,44
DA:375,44
DA:377,44
DA:378,396
DA:385,47
DA:386,47
LF:192
LH:169
BRDA:26,0,0,1
BRDA:26,0,1,1
BRDA:64,1,0,0
BRDA:64,1,1,0
BRDA:66,2,0,0
BRDA:66,2,1,0
BRDA:88,3,0,1156
BRDA:88,3,1,170
BRDA:88,4,0,1326
BRDA:88,4,1,618
BRDA:127,5,0,24
BRDA:127,5,1,1156
BRDA:137,6,0,3
BRDA:137,6,1,138
BRDA:157,7,0,1
BRDA:157,7,1,1
BRDA:183,8,0,6
BRDA:183,8,1,1
BRDA:200,9,0,2
BRDA:200,9,1,86
BRDA:206,10,0,84
BRDA:206,10,1,2
BRDA:217,11,0,1
BRDA:217,11,1,23
BRDA:222,12,0,1
BRDA:222,12,1,22
BRDA:243,13,0,0
BRDA:243,13,1,24
BRDA:243,14,0,24
BRDA:243,14,1,24
BRDA:247,15,0,72
BRDA:247,15,1,72
BRDA:247,15,2,72
BRDA:248,16,0,0
BRDA:248,16,1,24
BRDA:258,17,0,2
BRDA:258,17,1,67
BRDA:271,18,0,1
BRDA:271,18,1,23
BRDA:297,19,0,1
BRDA:297,19,1,165
BRDA:305,20,0,21
BRDA:305,20,1,3
BRDA:305,20,2,0
BRDA:321,21,0,24
BRDA:321,21,1,141
BRDA:332,22,0,21
BRDA:332,22,1,3
BRDA:337,23,0,3
BRDA:337,23,1,138
BRDA:348,24,0,96
BRDA:348,24,1,69
BRDA:349,25,0,27
BRDA:349,25,1,138
BRDA:354,26,0,1
BRDA:354,26,1,166
BRDA:357,27,0,1
BRDA:357,27,1,165
BRDA:385,28,0,47
BRDA:385,28,1,0
BRDA:385,29,0,47
BRDA:385,29,1,47
BRF:62
BRH:54
end_of_record
